# JRE version: OpenJDK Runtime Environment (8.0_76-b03) (build 1.8.0_76-release-b03)
# Java VM: OpenJDK 64-Bit Server VM (25.76-b03 mixed mode windows-amd64 compressed oops)
Heap:
 PSYoungGen      total 83968K, used 42323K [0x00000000eab00000, 0x00000000f4500000, 0x0000000100000000)
  eden space 59392K, 71% used [0x00000000eab00000,0x00000000ed454c78,0x00000000ee500000)
  from space 24576K, 0% used [0x00000000f0780000,0x00000000f0780000,0x00000000f1f80000)
  to   space 35328K, 0% used [0x00000000ee500000,0x00000000ee500000,0x00000000f0780000)
 ParOldGen       total 106496K, used 48724K [0x00000000c0000000, 0x00000000c6800000, 0x00000000eab00000)
  object space 106496K, 45% used [0x00000000c0000000,0x00000000c2f95330,0x00000000c6800000)
 Metaspace       used 6004K, capacity 7088K, committed 7296K, reserved 1056768K
  class space    used 569K, capacity 616K, committed 640K, reserved 1048576K
GC Heap History (10 events):
Event: 7.265 GC heap before
{Heap before GC invocations=6 (full 1):
 PSYoungGen      total 35328K, used 2551K [0x00000000eab00000, 0x00000000f0d00000, 0x0000000100000000)
  eden space 32768K, 0% used [0x00000000eab00000,0x00000000eab00000,0x00000000ecb00000)
  from space 2560K, 99% used [0x00000000ecb00000,0x00000000ecd7dd88,0x00000000ecd80000)
  to   space 17408K, 0% used [0x00000000efc00000,0x00000000efc00000,0x00000000f0d00000)
 ParOldGen       total 44032K, used 34040K [0x00000000c0000000, 0x00000000c2b00000, 0x00000000eab00000)
  object space 44032K, 77% used [0x00000000c0000000,0x00000000c213e3f8,0x00000000c2b00000)
 Metaspace       used 5826K, capacity 7024K, committed 7296K, reserved 1056768K
  class space    used 560K, capacity 616K, committed 640K, reserved 1048576K
Event: 9.505 GC heap after
Heap after GC invocations=6 (full 1):
 PSYoungGen      total 35328K, used 0K [0x00000000eab00000, 0x00000000f0d00000, 0x0000000100000000)
  eden space 32768K, 0% used [0x00000000eab00000,0x00000000eab00000,0x00000000ecb00000)
  from space 2560K, 0% used [0x00000000ecb00000,0x00000000ecb00000,0x00000000ecd80000)
  to   space 17408K, 0% used [0x00000000efc00000,0x00000000efc00000,0x00000000f0d00000)
 ParOldGen       total 70144K, used 30238K [0x00000000c0000000, 0x00000000c4480000, 0x00000000eab00000)
  object space 70144K, 43% used [0x00000000c0000000,0x00000000c1d879e0,0x00000000c4480000)
 Metaspace       used 5826K, capacity 7024K, committed 7296K, reserved 1056768K
  class space    used 560K, capacity 616K, committed 640K, reserved 1048576K
}
Event: 10.318 GC heap before
{Heap before GC invocations=7 (full 1):
 PSYoungGen      total 35328K, used 32768K [0x00000000eab00000, 0x00000000f0d00000, 0x0000000100000000)
  eden space 32768K, 100% used [0x00000000eab00000,0x00000000ecb00000,0x00000000ecb00000)
  from space 2560K, 0% used [0x00000000ecb00000,0x00000000ecb00000,0x00000000ecd80000)
  to   space 17408K, 0% used [0x00000000efc00000,0x00000000efc00000,0x00000000f0d00000)
 ParOldGen       total 70144K, used 30238K [0x00000000c0000000, 0x00000000c4480000, 0x00000000eab00000)
  object space 70144K, 43% used [0x00000000c0000000,0x00000000c1d879e0,0x00000000c4480000)
 Metaspace       used 5851K, capacity 7024K, committed 7296K, reserved 1056768K
  class space    used 562K, capacity 616K, committed 640K, reserved 1048576K
Event: 10.773 GC heap after
Heap after GC invocations=7 (full 1):
 PSYoungGen      total 58368K, used 10016K [0x00000000eab00000, 0x00000000f0600000, 0x0000000100000000)
  eden space 48128K, 0% used [0x00000000eab00000,0x00000000eab00000,0x00000000eda00000)
  from space 10240K, 97% used [0x00000000efc00000,0x00000000f05c8000,0x00000000f0600000)
  to   space 16896K, 0% used [0x00000000ee500000,0x00000000ee500000,0x00000000ef580000)
 ParOldGen       total 70144K, used 30246K [0x00000000c0000000, 0x00000000c4480000, 0x00000000eab00000)
  object space 70144K, 43% used [0x00000000c0000000,0x00000000c1d899e0,0x00000000c4480000)
 Metaspace       used 5851K, capacity 7024K, committed 7296K, reserved 1056768K
  class space    used 562K, capacity 616K, committed 640K, reserved 1048576K
}
Event: 13.099 GC heap before
{Heap before GC invocations=8 (full 1):
 PSYoungGen      total 58368K, used 58144K [0x00000000eab00000, 0x00000000f0600000, 0x0000000100000000)
  eden space 48128K, 100% used [0x00000000eab00000,0x00000000eda00000,0x00000000eda00000)
  from space 10240K, 97% used [0x00000000efc00000,0x00000000f05c8000,0x00000000f0600000)
  to   space 16896K, 0% used [0x00000000ee500000,0x00000000ee500000,0x00000000ef580000)
 ParOldGen       total 70144K, used 30246K [0x00000000c0000000, 0x00000000c4480000, 0x00000000eab00000)
  object space 70144K, 43% used [0x00000000c0000000,0x00000000c1d899e0,0x00000000c4480000)
 Metaspace       used 5882K, capacity 7024K, committed 7296K, reserved 1056768K
  class space    used 562K, capacity 616K, committed 640K, reserved 1048576K
Event: 13.638 GC heap after
Heap after GC invocations=8 (full 1):
 PSYoungGen      total 76288K, used 16882K [0x00000000eab00000, 0x00000000f1f80000, 0x0000000100000000)
  eden space 59392K, 0% used [0x00000000eab00000,0x00000000eab00000,0x00000000ee500000)
  from space 16896K, 99% used [0x00000000ee500000,0x00000000ef57cbc8,0x00000000ef580000)
  to   space 24576K, 0% used [0x00000000f0780000,0x00000000f0780000,0x00000000f1f80000)
 ParOldGen       total 70144K, used 40359K [0x00000000c0000000, 0x00000000c4480000, 0x00000000eab00000)
  object space 70144K, 57% used [0x00000000c0000000,0x00000000c2769d30,0x00000000c4480000)
 Metaspace       used 5882K, capacity 7024K, committed 7296K, reserved 1056768K
  class space    used 562K, capacity 616K, committed 640K, reserved 1048576K
}
Event: 15.139 GC heap before
{Heap before GC invocations=9 (full 1):
 PSYoungGen      total 76288K, used 76274K [0x00000000eab00000, 0x00000000f1f80000, 0x0000000100000000)
  eden space 59392K, 100% used [0x00000000eab00000,0x00000000ee500000,0x00000000ee500000)
  from space 16896K, 99% used [0x00000000ee500000,0x00000000ef57cbc8,0x00000000ef580000)
  to   space 24576K, 0% used [0x00000000f0780000,0x00000000f0780000,0x00000000f1f80000)
 ParOldGen       total 70144K, used 40359K [0x00000000c0000000, 0x00000000c4480000, 0x00000000eab00000)
  object space 70144K, 57% used [0x00000000c0000000,0x00000000c2769d30,0x00000000c4480000)
 Metaspace       used 5903K, capacity 7024K, committed 7296K, reserved 1056768K
  class space    used 564K, capacity 616K, committed 640K, reserved 1048576K
Event: 15.593 GC heap after
Heap after GC invocations=9 (full 1):
 PSYoungGen      total 83968K, used 24562K [0x00000000eab00000, 0x00000000f4500000, 0x0000000100000000)
  eden space 59392K, 0% used [0x00000000eab00000,0x00000000eab00000,0x00000000ee500000)
  from space 24576K, 99% used [0x00000000f0780000,0x00000000f1f7cbc8,0x00000000f1f80000)
  to   space 35328K, 0% used [0x00000000ee500000,0x00000000ee500000,0x00000000f0780000)
 ParOldGen       total 70144K, used 56080K [0x00000000c0000000, 0x00000000c4480000, 0x00000000eab00000)
  object space 70144K, 79% used [0x00000000c0000000,0x00000000c36c41f0,0x00000000c4480000)
 Metaspace       used 5903K, capacity 7024K, committed 7296K, reserved 1056768K
  class space    used 564K, capacity 616K, committed 640K, reserved 1048576K
}
Event: 15.593 GC heap before
{Heap before GC invocations=10 (full 2):
 PSYoungGen      total 83968K, used 24562K [0x00000000eab00000, 0x00000000f4500000, 0x0000000100000000)
  eden space 59392K, 0% used [0x00000000eab00000,0x00000000eab00000,0x00000000ee500000)
  from space 24576K, 99% used [0x00000000f0780000,0x00000000f1f7cbc8,0x00000000f1f80000)
  to   space 35328K, 0% used [0x00000000ee500000,0x00000000ee500000,0x00000000f0780000)
 ParOldGen       total 70144K, used 56080K [0x00000000c0000000, 0x00000000c4480000, 0x00000000eab00000)
  object space 70144K, 79% used [0x00000000c0000000,0x00000000c36c41f0,0x00000000c4480000)
 Metaspace       used 5903K, capacity 7024K, committed 7296K, reserved 1056768K
  class space    used 564K, capacity 616K, committed 640K, reserved 1048576K
Event: 17.248 GC heap after
Heap after GC invocations=10 (full 2):
 PSYoungGen      total 83968K, used 0K [0x00000000eab00000, 0x00000000f4500000, 0x0000000100000000)
  eden space 59392K, 0% used [0x00000000eab00000,0x00000000eab00000,0x00000000ee500000)
  from space 24576K, 0% used [0x00000000f0780000,0x00000000f0780000,0x00000000f1f80000)
  to   space 35328K, 0% used [0x00000000ee500000,0x00000000ee500000,0x00000000f0780000)
 ParOldGen       total 106496K, used 48724K [0x00000000c0000000, 0x00000000c6800000, 0x00000000eab00000)
  object space 106496K, 45% used [0x00000000c0000000,0x00000000c2f95330,0x00000000c6800000)
 Metaspace       used 5903K, capacity 7024K, committed 7296K, reserved 1056768K
  class space    used 564K, capacity 616K, committed 640K, reserved 1048576K
}

