# JRE version: Java(TM) SE Runtime Environment (8.0_101-b13) (build 1.8.0_101-b13)
# Java VM: Java HotSpot(TM) 64-Bit Server VM (25.101-b13 mixed mode windows-amd64 compressed oops)
Heap:
 PSYoungGen      total 116736K, used 47733K [0x00000000eab00000, 0x00000000f5e00000, 0x0000000100000000)
  eden space 89088K, 22% used [0x00000000eab00000,0x00000000ebea42b8,0x00000000f0200000)
  from space 27648K, 99% used [0x00000000f2480000,0x00000000f3f793d8,0x00000000f3f80000)
  to   space 35328K, 0% used [0x00000000f0200000,0x00000000f0200000,0x00000000f2480000)
 ParOldGen       total 82432K, used 53665K [0x00000000c0000000, 0x00000000c5080000, 0x00000000eab00000)
  object space 82432K, 65% used [0x00000000c0000000,0x00000000c34687d0,0x00000000c5080000)
 Metaspace       used 7082K, capacity 7736K, committed 7936K, reserved 1056768K
  class space    used 646K, capacity 688K, committed 768K, reserved 1048576K
GC Heap History (10 events):
Event: 18.464 GC heap before
{Heap before GC invocations=9 (full 0):
 PSYoungGen      total 74240K, used 74225K [0x00000000eab00000, 0x00000000f0000000, 0x0000000100000000)
  eden space 64512K, 100% used [0x00000000eab00000,0x00000000eea00000,0x00000000eea00000)
  from space 9728K, 99% used [0x00000000ef480000,0x00000000efdfc6a8,0x00000000efe00000)
  to   space 10752K, 0% used [0x00000000eea00000,0x00000000eea00000,0x00000000ef480000)
 ParOldGen       total 44032K, used 31503K [0x00000000c0000000, 0x00000000c2b00000, 0x00000000eab00000)
  object space 44032K, 71% used [0x00000000c0000000,0x00000000c1ec3f20,0x00000000c2b00000)
 Metaspace       used 6529K, capacity 7256K, committed 7424K, reserved 1056768K
  class space    used 624K, capacity 656K, committed 768K, reserved 1048576K
Event: 18.922 GC heap after
Heap after GC invocations=9 (full 0):
 PSYoungGen      total 75264K, used 10726K [0x00000000eab00000, 0x00000000f4000000, 0x0000000100000000)
  eden space 64512K, 0% used [0x00000000eab00000,0x00000000eab00000,0x00000000eea00000)
  from space 10752K, 99% used [0x00000000eea00000,0x00000000ef479bc0,0x00000000ef480000)
  to   space 24576K, 0% used [0x00000000f2800000,0x00000000f2800000,0x00000000f4000000)
 ParOldGen       total 44032K, used 40522K [0x00000000c0000000, 0x00000000c2b00000, 0x00000000eab00000)
  object space 44032K, 92% used [0x00000000c0000000,0x00000000c2792a98,0x00000000c2b00000)
 Metaspace       used 6529K, capacity 7256K, committed 7424K, reserved 1056768K
  class space    used 624K, capacity 656K, committed 768K, reserved 1048576K
}
Event: 18.922 GC heap before
{Heap before GC invocations=10 (full 1):
 PSYoungGen      total 75264K, used 10726K [0x00000000eab00000, 0x00000000f4000000, 0x0000000100000000)
  eden space 64512K, 0% used [0x00000000eab00000,0x00000000eab00000,0x00000000eea00000)
  from space 10752K, 99% used [0x00000000eea00000,0x00000000ef479bc0,0x00000000ef480000)
  to   space 24576K, 0% used [0x00000000f2800000,0x00000000f2800000,0x00000000f4000000)
 ParOldGen       total 44032K, used 40522K [0x00000000c0000000, 0x00000000c2b00000, 0x00000000eab00000)
  object space 44032K, 92% used [0x00000000c0000000,0x00000000c2792a98,0x00000000c2b00000)
 Metaspace       used 6529K, capacity 7256K, committed 7424K, reserved 1056768K
  class space    used 624K, capacity 656K, committed 768K, reserved 1048576K
Event: 24.989 GC heap after
Heap after GC invocations=10 (full 1):
 PSYoungGen      total 75264K, used 2531K [0x00000000eab00000, 0x00000000f4000000, 0x0000000100000000)
  eden space 64512K, 0% used [0x00000000eab00000,0x00000000eab00000,0x00000000eea00000)
  from space 10752K, 23% used [0x00000000eea00000,0x00000000eec78ce0,0x00000000ef480000)
  to   space 24576K, 0% used [0x00000000f2800000,0x00000000f2800000,0x00000000f4000000)
 ParOldGen       total 82432K, used 43983K [0x00000000c0000000, 0x00000000c5080000, 0x00000000eab00000)
  object space 82432K, 53% used [0x00000000c0000000,0x00000000c2af3c58,0x00000000c5080000)
 Metaspace       used 6529K, capacity 7256K, committed 7424K, reserved 1056768K
  class space    used 624K, capacity 656K, committed 768K, reserved 1048576K
}
Event: 27.614 GC heap before
{Heap before GC invocations=11 (full 1):
 PSYoungGen      total 75264K, used 67043K [0x00000000eab00000, 0x00000000f4000000, 0x0000000100000000)
  eden space 64512K, 100% used [0x00000000eab00000,0x00000000eea00000,0x00000000eea00000)
  from space 10752K, 23% used [0x00000000eea00000,0x00000000eec78ce0,0x00000000ef480000)
  to   space 24576K, 0% used [0x00000000f2800000,0x00000000f2800000,0x00000000f4000000)
 ParOldGen       total 82432K, used 43983K [0x00000000c0000000, 0x00000000c5080000, 0x00000000eab00000)
  object space 82432K, 53% used [0x00000000c0000000,0x00000000c2af3c58,0x00000000c5080000)
 Metaspace       used 6560K, capacity 7256K, committed 7424K, reserved 1056768K
  class space    used 624K, capacity 656K, committed 768K, reserved 1048576K
Event: 27.822 GC heap after
Heap after GC invocations=11 (full 1):
 PSYoungGen      total 91136K, used 12773K [0x00000000eab00000, 0x00000000f3480000, 0x0000000100000000)
  eden space 78336K, 0% used [0x00000000eab00000,0x00000000eab00000,0x00000000ef780000)
  from space 12800K, 99% used [0x00000000f2800000,0x00000000f3479730,0x00000000f3480000)
  to   space 24064K, 0% used [0x00000000f0580000,0x00000000f0580000,0x00000000f1d00000)
 ParOldGen       total 82432K, used 44103K [0x00000000c0000000, 0x00000000c5080000, 0x00000000eab00000)
  object space 82432K, 53% used [0x00000000c0000000,0x00000000c2b11c58,0x00000000c5080000)
 Metaspace       used 6560K, capacity 7256K, committed 7424K, reserved 1056768K
  class space    used 624K, capacity 656K, committed 768K, reserved 1048576K
}
Event: 28.415 GC heap before
{Heap before GC invocations=12 (full 1):
 PSYoungGen      total 91136K, used 91109K [0x00000000eab00000, 0x00000000f3480000, 0x0000000100000000)
  eden space 78336K, 100% used [0x00000000eab00000,0x00000000ef780000,0x00000000ef780000)
  from space 12800K, 99% used [0x00000000f2800000,0x00000000f3479730,0x00000000f3480000)
  to   space 24064K, 0% used [0x00000000f0580000,0x00000000f0580000,0x00000000f1d00000)
 ParOldGen       total 82432K, used 44103K [0x00000000c0000000, 0x00000000c5080000, 0x00000000eab00000)
  object space 82432K, 53% used [0x00000000c0000000,0x00000000c2b11c58,0x00000000c5080000)
 Metaspace       used 6563K, capacity 7256K, committed 7424K, reserved 1056768K
  class space    used 624K, capacity 656K, committed 768K, reserved 1048576K
Event: 28.576 GC heap after
Heap after GC invocations=12 (full 1):
 PSYoungGen      total 116736K, used 23355K [0x00000000eab00000, 0x00000000f3f80000, 0x0000000100000000)
  eden space 92672K, 0% used [0x00000000eab00000,0x00000000eab00000,0x00000000f0580000)
  from space 24064K, 97% used [0x00000000f0580000,0x00000000f1c4eec8,0x00000000f1d00000)
  to   space 27648K, 0% used [0x00000000f2480000,0x00000000f2480000,0x00000000f3f80000)
 ParOldGen       total 82432K, used 44103K [0x00000000c0000000, 0x00000000c5080000, 0x00000000eab00000)
  object space 82432K, 53% used [0x00000000c0000000,0x00000000c2b11c58,0x00000000c5080000)
 Metaspace       used 6563K, capacity 7256K, committed 7424K, reserved 1056768K
  class space    used 624K, capacity 656K, committed 768K, reserved 1048576K
}
Event: 33.592 GC heap before
{Heap before GC invocations=13 (full 1):
 PSYoungGen      total 116736K, used 116027K [0x00000000eab00000, 0x00000000f3f80000, 0x0000000100000000)
  eden space 92672K, 100% used [0x00000000eab00000,0x00000000f0580000,0x00000000f0580000)
  from space 24064K, 97% used [0x00000000f0580000,0x00000000f1c4eec8,0x00000000f1d00000)
  to   space 27648K, 0% used [0x00000000f2480000,0x00000000f2480000,0x00000000f3f80000)
 ParOldGen       total 82432K, used 44103K [0x00000000c0000000, 0x00000000c5080000, 0x00000000eab00000)
  object space 82432K, 53% used [0x00000000c0000000,0x00000000c2b11c58,0x00000000c5080000)
 Metaspace       used 6897K, capacity 7544K, committed 7680K, reserved 1056768K
  class space    used 643K, capacity 688K, committed 768K, reserved 1048576K
Event: 33.998 GC heap after
Heap after GC invocations=13 (full 1):
 PSYoungGen      total 116736K, used 27620K [0x00000000eab00000, 0x00000000f5e00000, 0x0000000100000000)
  eden space 89088K, 0% used [0x00000000eab00000,0x00000000eab00000,0x00000000f0200000)
  from space 27648K, 99% used [0x00000000f2480000,0x00000000f3f793d8,0x00000000f3f80000)
  to   space 35328K, 0% used [0x00000000f0200000,0x00000000f0200000,0x00000000f2480000)
 ParOldGen       total 82432K, used 53665K [0x00000000c0000000, 0x00000000c5080000, 0x00000000eab00000)
  object space 82432K, 65% used [0x00000000c0000000,0x00000000c34687d0,0x00000000c5080000)
 Metaspace       used 6897K, capacity 7544K, committed 7680K, reserved 1056768K
  class space    used 643K, capacity 688K, committed 768K, reserved 1048576K
}

