# JRE version: OpenJDK Runtime Environment (8.0_76-b03) (build 1.8.0_76-release-b03)
# Java VM: OpenJDK 64-Bit Server VM (25.76-b03 mixed mode windows-amd64 compressed oops)
Heap:
 PSYoungGen      total 124416K, used 83038K [0x00000000eab00000, 0x00000000f8100000, 0x0000000100000000)
  eden space 108544K, 61% used [0x00000000eab00000,0x00000000eec97bf8,0x00000000f1500000)
  from space 15872K, 99% used [0x00000000f3780000,0x00000000f46ffe90,0x00000000f4700000)
  to   space 35328K, 0% used [0x00000000f1500000,0x00000000f1500000,0x00000000f3780000)
 ParOldGen       total 82944K, used 57731K [0x00000000c0000000, 0x00000000c5100000, 0x00000000eab00000)
  object space 82944K, 69% used [0x00000000c0000000,0x00000000c3860dc8,0x00000000c5100000)
 Metaspace       used 7004K, capacity 7608K, committed 7808K, reserved 1056768K
  class space    used 620K, capacity 624K, committed 640K, reserved 1048576K
GC Heap History (10 events):
Event: 9.414 GC heap before
{Heap before GC invocations=7 (full 0):
 PSYoungGen      total 72704K, used 72306K [0x00000000eab00000, 0x00000000eff00000, 0x0000000100000000)
  eden space 64000K, 100% used [0x00000000eab00000,0x00000000ee980000,0x00000000ee980000)
  from space 8704K, 95% used [0x00000000ef380000,0x00000000efb9c8f8,0x00000000efc00000)
  to   space 10240K, 0% used [0x00000000ee980000,0x00000000ee980000,0x00000000ef380000)
 ParOldGen       total 44032K, used 11929K [0x00000000c0000000, 0x00000000c2b00000, 0x00000000eab00000)
  object space 44032K, 27% used [0x00000000c0000000,0x00000000c0ba6790,0x00000000c2b00000)
 Metaspace       used 6326K, capacity 7152K, committed 7296K, reserved 1056768K
  class space    used 578K, capacity 616K, committed 640K, reserved 1048576K
Event: 9.569 GC heap after
Heap after GC invocations=7 (full 0):
 PSYoungGen      total 74240K, used 10228K [0x00000000eab00000, 0x00000000f4700000, 0x0000000100000000)
  eden space 64000K, 0% used [0x00000000eab00000,0x00000000eab00000,0x00000000ee980000)
  from space 10240K, 99% used [0x00000000ee980000,0x00000000ef37d2c0,0x00000000ef380000)
  to   space 15872K, 0% used [0x00000000f3780000,0x00000000f3780000,0x00000000f4700000)
 ParOldGen       total 44032K, used 20054K [0x00000000c0000000, 0x00000000c2b00000, 0x00000000eab00000)
  object space 44032K, 45% used [0x00000000c0000000,0x00000000c1395b68,0x00000000c2b00000)
 Metaspace       used 6326K, capacity 7152K, committed 7296K, reserved 1056768K
  class space    used 578K, capacity 616K, committed 640K, reserved 1048576K
}
Event: 10.550 GC heap before
{Heap before GC invocations=8 (full 0):
 PSYoungGen      total 74240K, used 74228K [0x00000000eab00000, 0x00000000f4700000, 0x0000000100000000)
  eden space 64000K, 100% used [0x00000000eab00000,0x00000000ee980000,0x00000000ee980000)
  from space 10240K, 99% used [0x00000000ee980000,0x00000000ef37d2c0,0x00000000ef380000)
  to   space 15872K, 0% used [0x00000000f3780000,0x00000000f3780000,0x00000000f4700000)
 ParOldGen       total 44032K, used 20054K [0x00000000c0000000, 0x00000000c2b00000, 0x00000000eab00000)
  object space 44032K, 45% used [0x00000000c0000000,0x00000000c1395b68,0x00000000c2b00000)
 Metaspace       used 6369K, capacity 7152K, committed 7296K, reserved 1056768K
  class space    used 579K, capacity 616K, committed 640K, reserved 1048576K
Event: 10.767 GC heap after
Heap after GC invocations=8 (full 0):
 PSYoungGen      total 138240K, used 15857K [0x00000000eab00000, 0x00000000f5200000, 0x0000000100000000)
  eden space 122368K, 0% used [0x00000000eab00000,0x00000000eab00000,0x00000000f2280000)
  from space 15872K, 99% used [0x00000000f3780000,0x00000000f46fc6c8,0x00000000f4700000)
  to   space 21504K, 0% used [0x00000000f2280000,0x00000000f2280000,0x00000000f3780000)
 ParOldGen       total 44032K, used 25548K [0x00000000c0000000, 0x00000000c2b00000, 0x00000000eab00000)
  object space 44032K, 58% used [0x00000000c0000000,0x00000000c18f3198,0x00000000c2b00000)
 Metaspace       used 6369K, capacity 7152K, committed 7296K, reserved 1056768K
  class space    used 579K, capacity 616K, committed 640K, reserved 1048576K
}
Event: 12.868 GC heap before
{Heap before GC invocations=9 (full 0):
 PSYoungGen      total 138240K, used 138225K [0x00000000eab00000, 0x00000000f5200000, 0x0000000100000000)
  eden space 122368K, 100% used [0x00000000eab00000,0x00000000f2280000,0x00000000f2280000)
  from space 15872K, 99% used [0x00000000f3780000,0x00000000f46fc6c8,0x00000000f4700000)
  to   space 21504K, 0% used [0x00000000f2280000,0x00000000f2280000,0x00000000f3780000)
 ParOldGen       total 44032K, used 25548K [0x00000000c0000000, 0x00000000c2b00000, 0x00000000eab00000)
  object space 44032K, 58% used [0x00000000c0000000,0x00000000c18f3198,0x00000000c2b00000)
 Metaspace       used 6511K, capacity 7218K, committed 7296K, reserved 1056768K
  class space    used 598K, capacity 618K, committed 640K, reserved 1048576K
Event: 13.017 GC heap after
Heap after GC invocations=9 (full 0):
 PSYoungGen      total 143872K, used 21479K [0x00000000eab00000, 0x00000000f5200000, 0x0000000100000000)
  eden space 122368K, 0% used [0x00000000eab00000,0x00000000eab00000,0x00000000f2280000)
  from space 21504K, 99% used [0x00000000f2280000,0x00000000f3779de0,0x00000000f3780000)
  to   space 15872K, 0% used [0x00000000f3780000,0x00000000f3780000,0x00000000f4700000)
 ParOldGen       total 44032K, used 38710K [0x00000000c0000000, 0x00000000c2b00000, 0x00000000eab00000)
  object space 44032K, 87% used [0x00000000c0000000,0x00000000c25cdb30,0x00000000c2b00000)
 Metaspace       used 6511K, capacity 7218K, committed 7296K, reserved 1056768K
  class space    used 598K, capacity 618K, committed 640K, reserved 1048576K
}
Event: 13.018 GC heap before
{Heap before GC invocations=10 (full 1):
 PSYoungGen      total 143872K, used 21479K [0x00000000eab00000, 0x00000000f5200000, 0x0000000100000000)
  eden space 122368K, 0% used [0x00000000eab00000,0x00000000eab00000,0x00000000f2280000)
  from space 21504K, 99% used [0x00000000f2280000,0x00000000f3779de0,0x00000000f3780000)
  to   space 15872K, 0% used [0x00000000f3780000,0x00000000f3780000,0x00000000f4700000)
 ParOldGen       total 44032K, used 38710K [0x00000000c0000000, 0x00000000c2b00000, 0x00000000eab00000)
  object space 44032K, 87% used [0x00000000c0000000,0x00000000c25cdb30,0x00000000c2b00000)
 Metaspace       used 6511K, capacity 7218K, committed 7296K, reserved 1056768K
  class space    used 598K, capacity 618K, committed 640K, reserved 1048576K
Event: 15.586 GC heap after
Heap after GC invocations=10 (full 1):
 PSYoungGen      total 143872K, used 12238K [0x00000000eab00000, 0x00000000f5200000, 0x0000000100000000)
  eden space 122368K, 0% used [0x00000000eab00000,0x00000000eab00000,0x00000000f2280000)
  from space 21504K, 56% used [0x00000000f2280000,0x00000000f2e73bb0,0x00000000f3780000)
  to   space 15872K, 0% used [0x00000000f3780000,0x00000000f3780000,0x00000000f4700000)
 ParOldGen       total 82944K, used 43548K [0x00000000c0000000, 0x00000000c5100000, 0x00000000eab00000)
  object space 82944K, 52% used [0x00000000c0000000,0x00000000c2a87270,0x00000000c5100000)
 Metaspace       used 6511K, capacity 7218K, committed 7296K, reserved 1056768K
  class space    used 598K, capacity 618K, committed 640K, reserved 1048576K
}
Event: 17.165 GC heap before
{Heap before GC invocations=11 (full 1):
 PSYoungGen      total 143872K, used 134606K [0x00000000eab00000, 0x00000000f5200000, 0x0000000100000000)
  eden space 122368K, 100% used [0x00000000eab00000,0x00000000f2280000,0x00000000f2280000)
  from space 21504K, 56% used [0x00000000f2280000,0x00000000f2e73bb0,0x00000000f3780000)
  to   space 15872K, 0% used [0x00000000f3780000,0x00000000f3780000,0x00000000f4700000)
 ParOldGen       total 82944K, used 43548K [0x00000000c0000000, 0x00000000c5100000, 0x00000000eab00000)
  object space 82944K, 52% used [0x00000000c0000000,0x00000000c2a87270,0x00000000c5100000)
 Metaspace       used 6516K, capacity 7218K, committed 7296K, reserved 1056768K
  class space    used 598K, capacity 618K, committed 640K, reserved 1048576K
Event: 17.557 GC heap after
Heap after GC invocations=11 (full 1):
 PSYoungGen      total 124416K, used 15871K [0x00000000eab00000, 0x00000000f8100000, 0x0000000100000000)
  eden space 108544K, 0% used [0x00000000eab00000,0x00000000eab00000,0x00000000f1500000)
  from space 15872K, 99% used [0x00000000f3780000,0x00000000f46ffe90,0x00000000f4700000)
  to   space 35328K, 0% used [0x00000000f1500000,0x00000000f1500000,0x00000000f3780000)
 ParOldGen       total 82944K, used 57731K [0x00000000c0000000, 0x00000000c5100000, 0x00000000eab00000)
  object space 82944K, 69% used [0x00000000c0000000,0x00000000c3860dc8,0x00000000c5100000)
 Metaspace       used 6516K, capacity 7218K, committed 7296K, reserved 1056768K
  class space    used 598K, capacity 618K, committed 640K, reserved 1048576K
}

