# JRE version: Java(TM) SE Runtime Environment (8.0_101-b13) (build 1.8.0_101-b13)
# Java VM: Java HotSpot(TM) 64-Bit Server VM (25.101-b13 mixed mode windows-amd64 compressed oops)
Heap:
 PSYoungGen      total 75264K, used 54008K [0x00000000eab00000, 0x00000000f2c00000, 0x0000000100000000)
  eden space 54272K, 96% used [0x00000000eab00000,0x00000000ede57ad8,0x00000000ee000000)
  from space 20992K, 6% used [0x00000000ee000000,0x00000000ee166868,0x00000000ef480000)
  to   space 22528K, 0% used [0x00000000f1600000,0x00000000f1600000,0x00000000f2c00000)
 ParOldGen       total 79872K, used 43704K [0x00000000c0000000, 0x00000000c4e00000, 0x00000000eab00000)
  object space 79872K, 54% used [0x00000000c0000000,0x00000000c2aae028,0x00000000c4e00000)
 Metaspace       used 6557K, capacity 7256K, committed 7424K, reserved 1056768K
  class space    used 625K, capacity 656K, committed 768K, reserved 1048576K
GC Heap History (10 events):
Event: 6.614 GC heap before
{Heap before GC invocations=6 (full 0):
 PSYoungGen      total 35328K, used 35308K [0x00000000eab00000, 0x00000000efe00000, 0x0000000100000000)
  eden space 32768K, 100% used [0x00000000eab00000,0x00000000ecb00000,0x00000000ecb00000)
  from space 2560K, 99% used [0x00000000ecb00000,0x00000000ecd7b078,0x00000000ecd80000)
  to   space 9728K, 0% used [0x00000000ef480000,0x00000000ef480000,0x00000000efe00000)
 ParOldGen       total 44032K, used 13310K [0x00000000c0000000, 0x00000000c2b00000, 0x00000000eab00000)
  object space 44032K, 30% used [0x00000000c0000000,0x00000000c0cff8f0,0x00000000c2b00000)
 Metaspace       used 6275K, capacity 7154K, committed 7296K, reserved 1056768K
  class space    used 605K, capacity 618K, committed 640K, reserved 1048576K
Event: 6.696 GC heap after
Heap after GC invocations=6 (full 0):
 PSYoungGen      total 74240K, used 7768K [0x00000000eab00000, 0x00000000f0000000, 0x0000000100000000)
  eden space 64512K, 0% used [0x00000000eab00000,0x00000000eab00000,0x00000000eea00000)
  from space 9728K, 79% used [0x00000000ef480000,0x00000000efc162d8,0x00000000efe00000)
  to   space 10752K, 0% used [0x00000000eea00000,0x00000000eea00000,0x00000000ef480000)
 ParOldGen       total 44032K, used 13310K [0x00000000c0000000, 0x00000000c2b00000, 0x00000000eab00000)
  object space 44032K, 30% used [0x00000000c0000000,0x00000000c0cff8f0,0x00000000c2b00000)
 Metaspace       used 6275K, capacity 7154K, committed 7296K, reserved 1056768K
  class space    used 605K, capacity 618K, committed 640K, reserved 1048576K
}
Event: 9.315 GC heap before
{Heap before GC invocations=7 (full 0):
 PSYoungGen      total 74240K, used 72280K [0x00000000eab00000, 0x00000000f0000000, 0x0000000100000000)
  eden space 64512K, 100% used [0x00000000eab00000,0x00000000eea00000,0x00000000eea00000)
  from space 9728K, 79% used [0x00000000ef480000,0x00000000efc162d8,0x00000000efe00000)
  to   space 10752K, 0% used [0x00000000eea00000,0x00000000eea00000,0x00000000ef480000)
 ParOldGen       total 44032K, used 13310K [0x00000000c0000000, 0x00000000c2b00000, 0x00000000eab00000)
  object space 44032K, 30% used [0x00000000c0000000,0x00000000c0cff8f0,0x00000000c2b00000)
 Metaspace       used 6335K, capacity 7154K, committed 7296K, reserved 1056768K
  class space    used 605K, capacity 618K, committed 640K, reserved 1048576K
Event: 9.592 GC heap after
Heap after GC invocations=7 (full 0):
 PSYoungGen      total 75264K, used 10725K [0x00000000eab00000, 0x00000000f0000000, 0x0000000100000000)
  eden space 64512K, 0% used [0x00000000eab00000,0x00000000eab00000,0x00000000eea00000)
  from space 10752K, 99% used [0x00000000eea00000,0x00000000ef479650,0x00000000ef480000)
  to   space 9728K, 0% used [0x00000000ef480000,0x00000000ef480000,0x00000000efe00000)
 ParOldGen       total 44032K, used 19389K [0x00000000c0000000, 0x00000000c2b00000, 0x00000000eab00000)
  object space 44032K, 44% used [0x00000000c0000000,0x00000000c12ef568,0x00000000c2b00000)
 Metaspace       used 6335K, capacity 7154K, committed 7296K, reserved 1056768K
  class space    used 605K, capacity 618K, committed 640K, reserved 1048576K
}
Event: 10.983 GC heap before
{Heap before GC invocations=8 (full 0):
 PSYoungGen      total 75264K, used 75237K [0x00000000eab00000, 0x00000000f0000000, 0x0000000100000000)
  eden space 64512K, 100% used [0x00000000eab00000,0x00000000eea00000,0x00000000eea00000)
  from space 10752K, 99% used [0x00000000eea00000,0x00000000ef479650,0x00000000ef480000)
  to   space 9728K, 0% used [0x00000000ef480000,0x00000000ef480000,0x00000000efe00000)
 ParOldGen       total 44032K, used 19389K [0x00000000c0000000, 0x00000000c2b00000, 0x00000000eab00000)
  object space 44032K, 44% used [0x00000000c0000000,0x00000000c12ef568,0x00000000c2b00000)
 Metaspace       used 6402K, capacity 7218K, committed 7296K, reserved 1056768K
  class space    used 605K, capacity 618K, committed 640K, reserved 1048576K
Event: 12.509 GC heap after
Heap after GC invocations=8 (full 0):
 PSYoungGen      total 64000K, used 9702K [0x00000000eab00000, 0x00000000f5200000, 0x0000000100000000)
  eden space 54272K, 0% used [0x00000000eab00000,0x00000000eab00000,0x00000000ee000000)
  from space 9728K, 99% used [0x00000000ef480000,0x00000000efdf9820,0x00000000efe00000)
  to   space 20992K, 0% used [0x00000000ee000000,0x00000000ee000000,0x00000000ef480000)
 ParOldGen       total 44032K, used 31521K [0x00000000c0000000, 0x00000000c2b00000, 0x00000000eab00000)
  object space 44032K, 71% used [0x00000000c0000000,0x00000000c1ec8470,0x00000000c2b00000)
 Metaspace       used 6402K, capacity 7218K, committed 7296K, reserved 1056768K
  class space    used 605K, capacity 618K, committed 640K, reserved 1048576K
}
Event: 15.975 GC heap before
{Heap before GC invocations=9 (full 0):
 PSYoungGen      total 64000K, used 63974K [0x00000000eab00000, 0x00000000f5200000, 0x0000000100000000)
  eden space 54272K, 100% used [0x00000000eab00000,0x00000000ee000000,0x00000000ee000000)
  from space 9728K, 99% used [0x00000000ef480000,0x00000000efdf9820,0x00000000efe00000)
  to   space 20992K, 0% used [0x00000000ee000000,0x00000000ee000000,0x00000000ef480000)
 ParOldGen       total 44032K, used 31521K [0x00000000c0000000, 0x00000000c2b00000, 0x00000000eab00000)
  object space 44032K, 71% used [0x00000000c0000000,0x00000000c1ec8470,0x00000000c2b00000)
 Metaspace       used 6541K, capacity 7256K, committed 7424K, reserved 1056768K
  class space    used 625K, capacity 656K, committed 768K, reserved 1048576K
Event: 17.524 GC heap after
Heap after GC invocations=9 (full 0):
 PSYoungGen      total 75264K, used 15894K [0x00000000eab00000, 0x00000000f2c00000, 0x0000000100000000)
  eden space 54272K, 0% used [0x00000000eab00000,0x00000000eab00000,0x00000000ee000000)
  from space 20992K, 75% used [0x00000000ee000000,0x00000000eef85bb0,0x00000000ef480000)
  to   space 22528K, 0% used [0x00000000f1600000,0x00000000f1600000,0x00000000f2c00000)
 ParOldGen       total 44032K, used 33702K [0x00000000c0000000, 0x00000000c2b00000, 0x00000000eab00000)
  object space 44032K, 76% used [0x00000000c0000000,0x00000000c20e9ab8,0x00000000c2b00000)
 Metaspace       used 6541K, capacity 7256K, committed 7424K, reserved 1056768K
  class space    used 625K, capacity 656K, committed 768K, reserved 1048576K
}
Event: 17.524 GC heap before
{Heap before GC invocations=10 (full 1):
 PSYoungGen      total 75264K, used 15894K [0x00000000eab00000, 0x00000000f2c00000, 0x0000000100000000)
  eden space 54272K, 0% used [0x00000000eab00000,0x00000000eab00000,0x00000000ee000000)
  from space 20992K, 75% used [0x00000000ee000000,0x00000000eef85bb0,0x00000000ef480000)
  to   space 22528K, 0% used [0x00000000f1600000,0x00000000f1600000,0x00000000f2c00000)
 ParOldGen       total 44032K, used 33702K [0x00000000c0000000, 0x00000000c2b00000, 0x00000000eab00000)
  object space 44032K, 76% used [0x00000000c0000000,0x00000000c20e9ab8,0x00000000c2b00000)
 Metaspace       used 6541K, capacity 7256K, committed 7424K, reserved 1056768K
  class space    used 625K, capacity 656K, committed 768K, reserved 1048576K
Event: 24.053 GC heap after
Heap after GC invocations=10 (full 1):
 PSYoungGen      total 75264K, used 1434K [0x00000000eab00000, 0x00000000f2c00000, 0x0000000100000000)
  eden space 54272K, 0% used [0x00000000eab00000,0x00000000eab00000,0x00000000ee000000)
  from space 20992K, 6% used [0x00000000ee000000,0x00000000ee166868,0x00000000ef480000)
  to   space 22528K, 0% used [0x00000000f1600000,0x00000000f1600000,0x00000000f2c00000)
 ParOldGen       total 79872K, used 43704K [0x00000000c0000000, 0x00000000c4e00000, 0x00000000eab00000)
  object space 79872K, 54% used [0x00000000c0000000,0x00000000c2aae028,0x00000000c4e00000)
 Metaspace       used 6541K, capacity 7256K, committed 7424K, reserved 1056768K
  class space    used 625K, capacity 656K, committed 768K, reserved 1048576K
}

