# JRE version: Java(TM) SE Runtime Environment (8.0_101-b13) (build 1.8.0_101-b13)
# Java VM: Java HotSpot(TM) 64-Bit Server VM (25.101-b13 mixed mode windows-amd64 compressed oops)
Heap:
 PSYoungGen      total 194560K, used 80119K [0x00000000eab00000, 0x00000000fa100000, 0x0000000100000000)
  eden space 168960K, 32% used [0x00000000eab00000,0x00000000ee0b2cc0,0x00000000f5000000)
  from space 25600K, 98% used [0x00000000f8800000,0x00000000fa08b328,0x00000000fa100000)
  to   space 32768K, 0% used [0x00000000f6100000,0x00000000f6100000,0x00000000f8100000)
 ParOldGen       total 78336K, used 47683K [0x00000000c0000000, 0x00000000c4c80000, 0x00000000eab00000)
  object space 78336K, 60% used [0x00000000c0000000,0x00000000c2e90d10,0x00000000c4c80000)
 Metaspace       used 6864K, capacity 7544K, committed 7680K, reserved 1056768K
  class space    used 643K, capacity 688K, committed 768K, reserved 1048576K
GC Heap History (10 events):
Event: 9.140 GC heap before
{Heap before GC invocations=7 (full 0):
 PSYoungGen      total 72704K, used 71735K [0x00000000eab00000, 0x00000000eff00000, 0x0000000100000000)
  eden space 64000K, 100% used [0x00000000eab00000,0x00000000ee980000,0x00000000ee980000)
  from space 8704K, 88% used [0x00000000ef380000,0x00000000efb0df38,0x00000000efc00000)
  to   space 10240K, 0% used [0x00000000ee980000,0x00000000ee980000,0x00000000ef380000)
 ParOldGen       total 44032K, used 11705K [0x00000000c0000000, 0x00000000c2b00000, 0x00000000eab00000)
  object space 44032K, 26% used [0x00000000c0000000,0x00000000c0b6e7e0,0x00000000c2b00000)
 Metaspace       used 6338K, capacity 7154K, committed 7296K, reserved 1056768K
  class space    used 604K, capacity 618K, committed 640K, reserved 1048576K
Event: 9.436 GC heap after
Heap after GC invocations=7 (full 0):
 PSYoungGen      total 74240K, used 10229K [0x00000000eab00000, 0x00000000f4600000, 0x0000000100000000)
  eden space 64000K, 0% used [0x00000000eab00000,0x00000000eab00000,0x00000000ee980000)
  from space 10240K, 99% used [0x00000000ee980000,0x00000000ef37d660,0x00000000ef380000)
  to   space 15360K, 0% used [0x00000000f3700000,0x00000000f3700000,0x00000000f4600000)
 ParOldGen       total 44032K, used 17980K [0x00000000c0000000, 0x00000000c2b00000, 0x00000000eab00000)
  object space 44032K, 40% used [0x00000000c0000000,0x00000000c118f1a8,0x00000000c2b00000)
 Metaspace       used 6338K, capacity 7154K, committed 7296K, reserved 1056768K
  class space    used 604K, capacity 618K, committed 640K, reserved 1048576K
}
Event: 11.336 GC heap before
{Heap before GC invocations=8 (full 0):
 PSYoungGen      total 74240K, used 74229K [0x00000000eab00000, 0x00000000f4600000, 0x0000000100000000)
  eden space 64000K, 100% used [0x00000000eab00000,0x00000000ee980000,0x00000000ee980000)
  from space 10240K, 99% used [0x00000000ee980000,0x00000000ef37d660,0x00000000ef380000)
  to   space 15360K, 0% used [0x00000000f3700000,0x00000000f3700000,0x00000000f4600000)
 ParOldGen       total 44032K, used 17980K [0x00000000c0000000, 0x00000000c2b00000, 0x00000000eab00000)
  object space 44032K, 40% used [0x00000000c0000000,0x00000000c118f1a8,0x00000000c2b00000)
 Metaspace       used 6453K, capacity 7218K, committed 7296K, reserved 1056768K
  class space    used 604K, capacity 618K, committed 640K, reserved 1048576K
Event: 13.266 GC heap after
Heap after GC invocations=8 (full 0):
 PSYoungGen      total 138240K, used 15328K [0x00000000eab00000, 0x00000000f5000000, 0x0000000100000000)
  eden space 122880K, 0% used [0x00000000eab00000,0x00000000eab00000,0x00000000f2300000)
  from space 15360K, 99% used [0x00000000f3700000,0x00000000f45f8338,0x00000000f4600000)
  to   space 20480K, 0% used [0x00000000f2300000,0x00000000f2300000,0x00000000f3700000)
 ParOldGen       total 44032K, used 23609K [0x00000000c0000000, 0x00000000c2b00000, 0x00000000eab00000)
  object space 44032K, 53% used [0x00000000c0000000,0x00000000c170e6b0,0x00000000c2b00000)
 Metaspace       used 6453K, capacity 7218K, committed 7296K, reserved 1056768K
  class space    used 604K, capacity 618K, committed 640K, reserved 1048576K
}
Event: 23.923 GC heap before
{Heap before GC invocations=9 (full 0):
 PSYoungGen      total 138240K, used 138208K [0x00000000eab00000, 0x00000000f5000000, 0x0000000100000000)
  eden space 122880K, 100% used [0x00000000eab00000,0x00000000f2300000,0x00000000f2300000)
  from space 15360K, 99% used [0x00000000f3700000,0x00000000f45f8338,0x00000000f4600000)
  to   space 20480K, 0% used [0x00000000f2300000,0x00000000f2300000,0x00000000f3700000)
 ParOldGen       total 44032K, used 23609K [0x00000000c0000000, 0x00000000c2b00000, 0x00000000eab00000)
  object space 44032K, 53% used [0x00000000c0000000,0x00000000c170e6b0,0x00000000c2b00000)
 Metaspace       used 6574K, capacity 7256K, committed 7424K, reserved 1056768K
  class space    used 624K, capacity 656K, committed 768K, reserved 1048576K
Event: 24.855 GC heap after
Heap after GC invocations=9 (full 0):
 PSYoungGen      total 143360K, used 20458K [0x00000000eab00000, 0x00000000fa500000, 0x0000000100000000)
  eden space 122880K, 0% used [0x00000000eab00000,0x00000000eab00000,0x00000000f2300000)
  from space 20480K, 99% used [0x00000000f2300000,0x00000000f36fab50,0x00000000f3700000)
  to   space 29696K, 0% used [0x00000000f8800000,0x00000000f8800000,0x00000000fa500000)
 ParOldGen       total 44032K, used 37762K [0x00000000c0000000, 0x00000000c2b00000, 0x00000000eab00000)
  object space 44032K, 85% used [0x00000000c0000000,0x00000000c24e09a8,0x00000000c2b00000)
 Metaspace       used 6574K, capacity 7256K, committed 7424K, reserved 1056768K
  class space    used 624K, capacity 656K, committed 768K, reserved 1048576K
}
Event: 24.855 GC heap before
{Heap before GC invocations=10 (full 1):
 PSYoungGen      total 143360K, used 20458K [0x00000000eab00000, 0x00000000fa500000, 0x0000000100000000)
  eden space 122880K, 0% used [0x00000000eab00000,0x00000000eab00000,0x00000000f2300000)
  from space 20480K, 99% used [0x00000000f2300000,0x00000000f36fab50,0x00000000f3700000)
  to   space 29696K, 0% used [0x00000000f8800000,0x00000000f8800000,0x00000000fa500000)
 ParOldGen       total 44032K, used 37762K [0x00000000c0000000, 0x00000000c2b00000, 0x00000000eab00000)
  object space 44032K, 85% used [0x00000000c0000000,0x00000000c24e09a8,0x00000000c2b00000)
 Metaspace       used 6574K, capacity 7256K, committed 7424K, reserved 1056768K
  class space    used 624K, capacity 656K, committed 768K, reserved 1048576K
Event: 27.039 GC heap after
Heap after GC invocations=10 (full 1):
 PSYoungGen      total 143360K, used 9690K [0x00000000eab00000, 0x00000000fa500000, 0x0000000100000000)
  eden space 122880K, 0% used [0x00000000eab00000,0x00000000eab00000,0x00000000f2300000)
  from space 20480K, 47% used [0x00000000f2300000,0x00000000f2c76a40,0x00000000f3700000)
  to   space 29696K, 0% used [0x00000000f8800000,0x00000000f8800000,0x00000000fa500000)
 ParOldGen       total 78336K, used 43875K [0x00000000c0000000, 0x00000000c4c80000, 0x00000000eab00000)
  object space 78336K, 56% used [0x00000000c0000000,0x00000000c2ad8d10,0x00000000c4c80000)
 Metaspace       used 6574K, capacity 7256K, committed 7424K, reserved 1056768K
  class space    used 624K, capacity 656K, committed 768K, reserved 1048576K
}
Event: 28.714 GC heap before
{Heap before GC invocations=11 (full 1):
 PSYoungGen      total 143360K, used 132570K [0x00000000eab00000, 0x00000000fa500000, 0x0000000100000000)
  eden space 122880K, 100% used [0x00000000eab00000,0x00000000f2300000,0x00000000f2300000)
  from space 20480K, 47% used [0x00000000f2300000,0x00000000f2c76a40,0x00000000f3700000)
  to   space 29696K, 0% used [0x00000000f8800000,0x00000000f8800000,0x00000000fa500000)
 ParOldGen       total 78336K, used 43875K [0x00000000c0000000, 0x00000000c4c80000, 0x00000000eab00000)
  object space 78336K, 56% used [0x00000000c0000000,0x00000000c2ad8d10,0x00000000c4c80000)
 Metaspace       used 6580K, capacity 7256K, committed 7424K, reserved 1056768K
  class space    used 624K, capacity 656K, committed 768K, reserved 1048576K
Event: 28.925 GC heap after
Heap after GC invocations=11 (full 1):
 PSYoungGen      total 194560K, used 25132K [0x00000000eab00000, 0x00000000fa100000, 0x0000000100000000)
  eden space 168960K, 0% used [0x00000000eab00000,0x00000000eab00000,0x00000000f5000000)
  from space 25600K, 98% used [0x00000000f8800000,0x00000000fa08b328,0x00000000fa100000)
  to   space 32768K, 0% used [0x00000000f6100000,0x00000000f6100000,0x00000000f8100000)
 ParOldGen       total 78336K, used 47683K [0x00000000c0000000, 0x00000000c4c80000, 0x00000000eab00000)
  object space 78336K, 60% used [0x00000000c0000000,0x00000000c2e90d10,0x00000000c4c80000)
 Metaspace       used 6580K, capacity 7256K, committed 7424K, reserved 1056768K
  class space    used 624K, capacity 656K, committed 768K, reserved 1048576K
}

