# JRE version: OpenJDK Runtime Environment (8.0_76-b03) (build 1.8.0_76-release-b03)
# Java VM: OpenJDK 64-Bit Server VM (25.76-b03 mixed mode windows-amd64 compressed oops)
Heap:
 PSYoungGen      total 70144K, used 19334K [0x00000000eab00000, 0x00000000f0a80000, 0x0000000100000000)
  eden space 61952K, 31% used [0x00000000eab00000,0x00000000ebde1828,0x00000000ee780000)
  from space 8192K, 0% used [0x00000000ee780000,0x00000000ee780000,0x00000000eef80000)
  to   space 9728K, 0% used [0x00000000f0100000,0x00000000f0100000,0x00000000f0a80000)
 ParOldGen       total 63488K, used 17502K [0x00000000c0000000, 0x00000000c3e00000, 0x00000000eab00000)
  object space 63488K, 27% used [0x00000000c0000000,0x00000000c1117ba0,0x00000000c3e00000)
 Metaspace       used 37028K, capacity 37870K, committed 38272K, reserved 1083392K
  class space    used 4934K, capacity 5189K, committed 5248K, reserved 1048576K
GC Heap History (10 events):
Event: 10.189 GC heap before
{Heap before GC invocations=9 (full 1):
 PSYoungGen      total 39936K, used 32768K [0x00000000eab00000, 0x00000000efa00000, 0x0000000100000000)
  eden space 32768K, 100% used [0x00000000eab00000,0x00000000ecb00000,0x00000000ecb00000)
  from space 7168K, 0% used [0x00000000ecb00000,0x00000000ecb00000,0x00000000ed200000)
  to   space 7680K, 0% used [0x00000000ef280000,0x00000000ef280000,0x00000000efa00000)
 ParOldGen       total 38912K, used 9051K [0x00000000c0000000, 0x00000000c2600000, 0x00000000eab00000)
  object space 38912K, 23% used [0x00000000c0000000,0x00000000c08d6d90,0x00000000c2600000)
 Metaspace       used 23283K, capacity 23844K, committed 24064K, reserved 1071104K
  class space    used 3123K, capacity 3279K, committed 3328K, reserved 1048576K
Event: 10.202 GC heap after
Heap after GC invocations=9 (full 1):
 PSYoungGen      total 52224K, used 4522K [0x00000000eab00000, 0x00000000ef700000, 0x0000000100000000)
  eden space 47616K, 0% used [0x00000000eab00000,0x00000000eab00000,0x00000000ed980000)
  from space 4608K, 98% used [0x00000000ef280000,0x00000000ef6eaa40,0x00000000ef700000)
  to   space 7168K, 0% used [0x00000000ee900000,0x00000000ee900000,0x00000000ef000000)
 ParOldGen       total 38912K, used 9059K [0x00000000c0000000, 0x00000000c2600000, 0x00000000eab00000)
  object space 38912K, 23% used [0x00000000c0000000,0x00000000c08d8d90,0x00000000c2600000)
 Metaspace       used 23283K, capacity 23844K, committed 24064K, reserved 1071104K
  class space    used 3123K, capacity 3279K, committed 3328K, reserved 1048576K
}
Event: 11.373 GC heap before
{Heap before GC invocations=10 (full 1):
 PSYoungGen      total 52224K, used 52138K [0x00000000eab00000, 0x00000000ef700000, 0x0000000100000000)
  eden space 47616K, 100% used [0x00000000eab00000,0x00000000ed980000,0x00000000ed980000)
  from space 4608K, 98% used [0x00000000ef280000,0x00000000ef6eaa40,0x00000000ef700000)
  to   space 7168K, 0% used [0x00000000ee900000,0x00000000ee900000,0x00000000ef000000)
 ParOldGen       total 38912K, used 9059K [0x00000000c0000000, 0x00000000c2600000, 0x00000000eab00000)
  object space 38912K, 23% used [0x00000000c0000000,0x00000000c08d8d90,0x00000000c2600000)
 Metaspace       used 27084K, capacity 27710K, committed 27776K, reserved 1073152K
  class space    used 3738K, capacity 3903K, committed 3968K, reserved 1048576K
Event: 11.390 GC heap after
Heap after GC invocations=10 (full 1):
 PSYoungGen      total 67584K, used 6611K [0x00000000eab00000, 0x00000000ef580000, 0x0000000100000000)
  eden space 60928K, 0% used [0x00000000eab00000,0x00000000eab00000,0x00000000ee680000)
  from space 6656K, 99% used [0x00000000ee900000,0x00000000eef74f68,0x00000000eef80000)
  to   space 6144K, 0% used [0x00000000eef80000,0x00000000eef80000,0x00000000ef580000)
 ParOldGen       total 38912K, used 9059K [0x00000000c0000000, 0x00000000c2600000, 0x00000000eab00000)
  object space 38912K, 23% used [0x00000000c0000000,0x00000000c08d8d90,0x00000000c2600000)
 Metaspace       used 27084K, capacity 27710K, committed 27776K, reserved 1073152K
  class space    used 3738K, capacity 3903K, committed 3968K, reserved 1048576K
}
Event: 14.597 GC heap before
{Heap before GC invocations=11 (full 1):
 PSYoungGen      total 67584K, used 67539K [0x00000000eab00000, 0x00000000ef580000, 0x0000000100000000)
  eden space 60928K, 100% used [0x00000000eab00000,0x00000000ee680000,0x00000000ee680000)
  from space 6656K, 99% used [0x00000000ee900000,0x00000000eef74f68,0x00000000eef80000)
  to   space 6144K, 0% used [0x00000000eef80000,0x00000000eef80000,0x00000000ef580000)
 ParOldGen       total 38912K, used 9059K [0x00000000c0000000, 0x00000000c2600000, 0x00000000eab00000)
  object space 38912K, 23% used [0x00000000c0000000,0x00000000c08d8d90,0x00000000c2600000)
 Metaspace       used 28710K, capacity 29340K, committed 29568K, reserved 1075200K
  class space    used 3910K, capacity 4100K, committed 4224K, reserved 1048576K
Event: 14.651 GC heap after
Heap after GC invocations=11 (full 1):
 PSYoungGen      total 68096K, used 5543K [0x00000000eab00000, 0x00000000f0780000, 0x0000000100000000)
  eden space 61952K, 0% used [0x00000000eab00000,0x00000000eab00000,0x00000000ee780000)
  from space 6144K, 90% used [0x00000000eef80000,0x00000000ef4e9de0,0x00000000ef580000)
  to   space 8192K, 0% used [0x00000000ee780000,0x00000000ee780000,0x00000000eef80000)
 ParOldGen       total 38912K, used 9067K [0x00000000c0000000, 0x00000000c2600000, 0x00000000eab00000)
  object space 38912K, 23% used [0x00000000c0000000,0x00000000c08dad90,0x00000000c2600000)
 Metaspace       used 28710K, capacity 29340K, committed 29568K, reserved 1075200K
  class space    used 3910K, capacity 4100K, committed 4224K, reserved 1048576K
}
Event: 20.420 GC heap before
{Heap before GC invocations=12 (full 1):
 PSYoungGen      total 68096K, used 67495K [0x00000000eab00000, 0x00000000f0780000, 0x0000000100000000)
  eden space 61952K, 100% used [0x00000000eab00000,0x00000000ee780000,0x00000000ee780000)
  from space 6144K, 90% used [0x00000000eef80000,0x00000000ef4e9de0,0x00000000ef580000)
  to   space 8192K, 0% used [0x00000000ee780000,0x00000000ee780000,0x00000000eef80000)
 ParOldGen       total 38912K, used 9067K [0x00000000c0000000, 0x00000000c2600000, 0x00000000eab00000)
  object space 38912K, 23% used [0x00000000c0000000,0x00000000c08dad90,0x00000000c2600000)
 Metaspace       used 34413K, capacity 35252K, committed 35496K, reserved 1079296K
  class space    used 4610K, capacity 4848K, committed 4864K, reserved 1048576K
Event: 20.464 GC heap after
Heap after GC invocations=12 (full 1):
 PSYoungGen      total 70144K, used 8174K [0x00000000eab00000, 0x00000000f0a80000, 0x0000000100000000)
  eden space 61952K, 0% used [0x00000000eab00000,0x00000000eab00000,0x00000000ee780000)
  from space 8192K, 99% used [0x00000000ee780000,0x00000000eef7b960,0x00000000eef80000)
  to   space 9728K, 0% used [0x00000000f0100000,0x00000000f0100000,0x00000000f0a80000)
 ParOldGen       total 38912K, used 10920K [0x00000000c0000000, 0x00000000c2600000, 0x00000000eab00000)
  object space 38912K, 28% used [0x00000000c0000000,0x00000000c0aaa390,0x00000000c2600000)
 Metaspace       used 34413K, capacity 35252K, committed 35496K, reserved 1079296K
  class space    used 4610K, capacity 4848K, committed 4864K, reserved 1048576K
}
Event: 20.464 GC heap before
{Heap before GC invocations=13 (full 2):
 PSYoungGen      total 70144K, used 8174K [0x00000000eab00000, 0x00000000f0a80000, 0x0000000100000000)
  eden space 61952K, 0% used [0x00000000eab00000,0x00000000eab00000,0x00000000ee780000)
  from space 8192K, 99% used [0x00000000ee780000,0x00000000eef7b960,0x00000000eef80000)
  to   space 9728K, 0% used [0x00000000f0100000,0x00000000f0100000,0x00000000f0a80000)
 ParOldGen       total 38912K, used 10920K [0x00000000c0000000, 0x00000000c2600000, 0x00000000eab00000)
  object space 38912K, 28% used [0x00000000c0000000,0x00000000c0aaa390,0x00000000c2600000)
 Metaspace       used 34413K, capacity 35252K, committed 35496K, reserved 1079296K
  class space    used 4610K, capacity 4848K, committed 4864K, reserved 1048576K
Event: 20.752 GC heap after
Heap after GC invocations=13 (full 2):
 PSYoungGen      total 70144K, used 0K [0x00000000eab00000, 0x00000000f0a80000, 0x0000000100000000)
  eden space 61952K, 0% used [0x00000000eab00000,0x00000000eab00000,0x00000000ee780000)
  from space 8192K, 0% used [0x00000000ee780000,0x00000000ee780000,0x00000000eef80000)
  to   space 9728K, 0% used [0x00000000f0100000,0x00000000f0100000,0x00000000f0a80000)
 ParOldGen       total 63488K, used 17502K [0x00000000c0000000, 0x00000000c3e00000, 0x00000000eab00000)
  object space 63488K, 27% used [0x00000000c0000000,0x00000000c1117ba0,0x00000000c3e00000)
 Metaspace       used 34413K, capacity 35252K, committed 35496K, reserved 1079296K
  class space    used 4610K, capacity 4848K, committed 4864K, reserved 1048576K
}

